# JRE version: Java(TM) SE Runtime Environment (24.0.1+9) (build 24.0.1+9-30)
# Java VM: Java HotSpot(TM) 64-Bit Server VM (24.0.1+9-30, mixed mode, sharing, tiered, compressed oops, compressed class ptrs, g1 gc, windows-amd64)
GC Precious Log:
 CardTable entry size: 512
 Card Set container configuration: InlinePtr #cards 5 size 8 Array Of Cards #cards 10 size 36 Howl #buckets 4 coarsen threshold 1843 Howl Bitmap #cards 512 size 80 coarsen threshold 460 Card regions per heap region 1 cards per card region 2048
 CPUs: 4 total, 4 available
 Memory: 8082M
 Large Page Support: Disabled
 NUMA Support: Disabled
 Compressed Oops: Enabled (32-bit)
 Heap Region Size: 1M
 Heap Min Capacity: 8M
 Heap Initial Capacity: 128M
 Heap Max Capacity: 2022M
 Pre-touch: Disabled
 Parallel Workers: 4
 Concurrent Workers: 1
 Concurrent Refinement Workers: 4
 Periodic GC: Disabled
Heap:
 garbage-first heap   total reserved 2070528K, committed 250880K, used 214528K [0x0000000081a00000, 0x0000000100000000)
  region size 1024K, 76 young (77824K), 9 survivors (9216K)
 Metaspace       used 122848K, committed 123456K, reserved 1179648K
  class space    used 11983K, committed 12224K, reserved 1048576K
GC Heap History (20 events):
Event: 91.084 GC heap before
{Heap before GC invocations=43 (full 0):
 garbage-first heap   total reserved 2070528K, committed 190464K, used 171095K [0x0000000081a00000, 0x0000000100000000)
  region size 1024K, 69 young (70656K), 8 survivors (8192K)
 Metaspace       used 97286K, committed 97856K, reserved 1179648K
  class space    used 9305K, committed 9536K, reserved 1048576K
}
Event: 91.126 GC heap after
{Heap after GC invocations=44 (full 0):
 garbage-first heap   total reserved 2070528K, committed 190464K, used 111159K [0x0000000081a00000, 0x0000000100000000)
  region size 1024K, 7 young (7168K), 7 survivors (7168K)
 Metaspace       used 97286K, committed 97856K, reserved 1179648K
  class space    used 9305K, committed 9536K, reserved 1048576K
}
Event: 100.736 GC heap before
{Heap before GC invocations=44 (full 0):
 garbage-first heap   total reserved 2070528K, committed 190464K, used 172599K [0x0000000081a00000, 0x0000000100000000)
  region size 1024K, 67 young (68608K), 7 survivors (7168K)
 Metaspace       used 99478K, committed 100032K, reserved 1179648K
  class space    used 9517K, committed 9728K, reserved 1048576K
}
Event: 100.758 GC heap after
{Heap after GC invocations=45 (full 0):
 garbage-first heap   total reserved 2070528K, committed 190464K, used 116184K [0x0000000081a00000, 0x0000000100000000)
  region size 1024K, 8 young (8192K), 8 survivors (8192K)
 Metaspace       used 99478K, committed 100032K, reserved 1179648K
  class space    used 9517K, committed 9728K, reserved 1048576K
}
Event: 103.477 GC heap before
{Heap before GC invocations=46 (full 0):
 garbage-first heap   total reserved 2070528K, committed 194560K, used 171480K [0x0000000081a00000, 0x0000000100000000)
  region size 1024K, 62 young (63488K), 8 survivors (8192K)
 Metaspace       used 101541K, committed 102144K, reserved 1179648K
  class space    used 9725K, committed 9984K, reserved 1048576K
}
Event: 103.502 GC heap after
{Heap after GC invocations=47 (full 0):
 garbage-first heap   total reserved 2070528K, committed 194560K, used 118474K [0x0000000081a00000, 0x0000000100000000)
  region size 1024K, 3 young (3072K), 3 survivors (3072K)
 Metaspace       used 101541K, committed 102144K, reserved 1179648K
  class space    used 9725K, committed 9984K, reserved 1048576K
}
Event: 104.983 GC heap before
{Heap before GC invocations=47 (full 0):
 garbage-first heap   total reserved 2070528K, committed 194560K, used 180938K [0x0000000081a00000, 0x0000000100000000)
  region size 1024K, 64 young (65536K), 3 survivors (3072K)
 Metaspace       used 104251K, committed 104896K, reserved 1179648K
  class space    used 9915K, committed 10176K, reserved 1048576K
}
Event: 105.006 GC heap after
{Heap after GC invocations=48 (full 0):
 garbage-first heap   total reserved 2070528K, committed 194560K, used 122422K [0x0000000081a00000, 0x0000000100000000)
  region size 1024K, 7 young (7168K), 7 survivors (7168K)
 Metaspace       used 104251K, committed 104896K, reserved 1179648K
  class space    used 9915K, committed 10176K, reserved 1048576K
}
Event: 105.943 GC heap before
{Heap before GC invocations=48 (full 0):
 garbage-first heap   total reserved 2070528K, committed 194560K, used 176694K [0x0000000081a00000, 0x0000000100000000)
  region size 1024K, 60 young (61440K), 7 survivors (7168K)
 Metaspace       used 106624K, committed 107264K, reserved 1179648K
  class space    used 10143K, committed 10368K, reserved 1048576K
}
Event: 105.961 GC heap after
{Heap after GC invocations=49 (full 0):
 garbage-first heap   total reserved 2070528K, committed 194560K, used 123926K [0x0000000081a00000, 0x0000000100000000)
  region size 1024K, 6 young (6144K), 6 survivors (6144K)
 Metaspace       used 106624K, committed 107264K, reserved 1179648K
  class space    used 10143K, committed 10368K, reserved 1048576K
}
Event: 107.169 GC heap before
{Heap before GC invocations=50 (full 0):
 garbage-first heap   total reserved 2070528K, committed 208896K, used 175126K [0x0000000081a00000, 0x0000000100000000)
  region size 1024K, 57 young (58368K), 6 survivors (6144K)
 Metaspace       used 108968K, committed 109568K, reserved 1179648K
  class space    used 10360K, committed 10624K, reserved 1048576K
}
Event: 107.187 GC heap after
{Heap after GC invocations=51 (full 0):
 garbage-first heap   total reserved 2070528K, committed 208896K, used 126278K [0x0000000081a00000, 0x0000000100000000)
  region size 1024K, 5 young (5120K), 5 survivors (5120K)
 Metaspace       used 108968K, committed 109568K, reserved 1179648K
  class space    used 10360K, committed 10624K, reserved 1048576K
}
Event: 108.342 GC heap before
{Heap before GC invocations=51 (full 0):
 garbage-first heap   total reserved 2070528K, committed 208896K, used 190790K [0x0000000081a00000, 0x0000000100000000)
  region size 1024K, 69 young (70656K), 5 survivors (5120K)
 Metaspace       used 111976K, committed 112640K, reserved 1179648K
  class space    used 10660K, committed 10944K, reserved 1048576K
}
Event: 108.365 GC heap after
{Heap after GC invocations=52 (full 0):
 garbage-first heap   total reserved 2070528K, committed 208896K, used 128163K [0x0000000081a00000, 0x0000000100000000)
  region size 1024K, 8 young (8192K), 8 survivors (8192K)
 Metaspace       used 111976K, committed 112640K, reserved 1179648K
  class space    used 10660K, committed 10944K, reserved 1048576K
}
Event: 109.442 GC heap before
{Heap before GC invocations=52 (full 0):
 garbage-first heap   total reserved 2070528K, committed 208896K, used 187555K [0x0000000081a00000, 0x0000000100000000)
  region size 1024K, 67 young (68608K), 8 survivors (8192K)
 Metaspace       used 114475K, committed 115136K, reserved 1179648K
  class space    used 10923K, committed 11200K, reserved 1048576K
}
Event: 109.465 GC heap after
{Heap after GC invocations=53 (full 0):
 garbage-first heap   total reserved 2070528K, committed 250880K, used 130943K [0x0000000081a00000, 0x0000000100000000)
  region size 1024K, 6 young (6144K), 6 survivors (6144K)
 Metaspace       used 114475K, committed 115136K, reserved 1179648K
  class space    used 10923K, committed 11200K, reserved 1048576K
}
Event: 112.575 GC heap before
{Heap before GC invocations=54 (full 0):
 garbage-first heap   total reserved 2070528K, committed 250880K, used 230271K [0x0000000081a00000, 0x0000000100000000)
  region size 1024K, 104 young (106496K), 6 survivors (6144K)
 Metaspace       used 118065K, committed 118656K, reserved 1179648K
  class space    used 11378K, committed 11648K, reserved 1048576K
}
Event: 112.599 GC heap after
{Heap after GC invocations=55 (full 0):
 garbage-first heap   total reserved 2070528K, committed 250880K, used 138789K [0x0000000081a00000, 0x0000000100000000)
  region size 1024K, 13 young (13312K), 13 survivors (13312K)
 Metaspace       used 118065K, committed 118656K, reserved 1179648K
  class space    used 11378K, committed 11648K, reserved 1048576K
}
Event: 115.126 GC heap before
{Heap before GC invocations=55 (full 0):
 garbage-first heap   total reserved 2070528K, committed 250880K, used 222757K [0x0000000081a00000, 0x0000000100000000)
  region size 1024K, 96 young (98304K), 13 survivors (13312K)
 Metaspace       used 120020K, committed 120640K, reserved 1179648K
  class space    used 11647K, committed 11904K, reserved 1048576K
}
Event: 115.161 GC heap after
{Heap after GC invocations=56 (full 0):
 garbage-first heap   total reserved 2070528K, committed 250880K, used 146944K [0x0000000081a00000, 0x0000000100000000)
  region size 1024K, 9 young (9216K), 9 survivors (9216K)
 Metaspace       used 120020K, committed 120640K, reserved 1179648K
  class space    used 11647K, committed 11904K, reserved 1048576K
}

