# JRE version: Java(TM) SE Runtime Environment (24.0.1+9) (build 24.0.1+9-30)
# Java VM: Java HotSpot(TM) 64-Bit Server VM (24.0.1+9-30, mixed mode, sharing, tiered, compressed oops, compressed class ptrs, g1 gc, windows-amd64)
GC Precious Log:
 CardTable entry size: 512
 Card Set container configuration: InlinePtr #cards 5 size 8 Array Of Cards #cards 10 size 36 Howl #buckets 4 coarsen threshold 1843 Howl Bitmap #cards 512 size 80 coarsen threshold 460 Card regions per heap region 1 cards per card region 2048
 CPUs: 4 total, 4 available
 Memory: 8082M
 Large Page Support: Disabled
 NUMA Support: Disabled
 Compressed Oops: Enabled (32-bit)
 Heap Region Size: 1M
 Heap Min Capacity: 8M
 Heap Initial Capacity: 128M
 Heap Max Capacity: 2022M
 Pre-touch: Disabled
 Parallel Workers: 4
 Concurrent Workers: 1
 Concurrent Refinement Workers: 4
 Periodic GC: Disabled
Heap:
 garbage-first heap   total reserved 2070528K, committed 51200K, used 24517K [0x0000000081a00000, 0x0000000100000000)
  region size 1024K, 7 young (7168K), 3 survivors (3072K)
 Metaspace       used 46717K, committed 47104K, reserved 1114112K
  class space    used 4748K, committed 4928K, reserved 1048576K
GC Heap History (18 events):
Event: 3.222 GC heap before
{Heap before GC invocations=0 (full 0):
 garbage-first heap   total reserved 2070528K, committed 133120K, used 31860K [0x0000000081a00000, 0x0000000100000000)
  region size 1024K, 28 young (28672K), 0 survivors (0K)
 Metaspace       used 7004K, committed 7232K, reserved 1114112K
  class space    used 633K, committed 768K, reserved 1048576K
}
Event: 3.235 GC heap after
{Heap after GC invocations=1 (full 0):
 garbage-first heap   total reserved 2070528K, committed 133120K, used 9677K [0x0000000081a00000, 0x0000000100000000)
  region size 1024K, 4 young (4096K), 4 survivors (4096K)
 Metaspace       used 7004K, committed 7232K, reserved 1114112K
  class space    used 633K, committed 768K, reserved 1048576K
}
Event: 8.879 GC heap before
{Heap before GC invocations=1 (full 0):
 garbage-first heap   total reserved 2070528K, committed 133120K, used 60877K [0x0000000081a00000, 0x0000000100000000)
  region size 1024K, 55 young (56320K), 4 survivors (4096K)
 Metaspace       used 18288K, committed 18624K, reserved 1114112K
  class space    used 1910K, committed 2048K, reserved 1048576K
}
Event: 8.894 GC heap after
{Heap after GC invocations=2 (full 0):
 garbage-first heap   total reserved 2070528K, committed 133120K, used 12513K [0x0000000081a00000, 0x0000000100000000)
  region size 1024K, 7 young (7168K), 7 survivors (7168K)
 Metaspace       used 18288K, committed 18624K, reserved 1114112K
  class space    used 1910K, committed 2048K, reserved 1048576K
}
Event: 9.367 GC heap before
{Heap before GC invocations=2 (full 0):
 garbage-first heap   total reserved 2070528K, committed 133120K, used 22753K [0x0000000081a00000, 0x0000000100000000)
  region size 1024K, 18 young (18432K), 7 survivors (7168K)
 Metaspace       used 21257K, committed 21504K, reserved 1114112K
  class space    used 2190K, committed 2304K, reserved 1048576K
}
Event: 9.380 GC heap after
{Heap after GC invocations=3 (full 0):
 garbage-first heap   total reserved 2070528K, committed 133120K, used 13469K [0x0000000081a00000, 0x0000000100000000)
  region size 1024K, 4 young (4096K), 4 survivors (4096K)
 Metaspace       used 21257K, committed 21504K, reserved 1114112K
  class space    used 2190K, committed 2304K, reserved 1048576K
}
Event: 10.229 GC heap before
{Heap before GC invocations=4 (full 0):
 garbage-first heap   total reserved 2070528K, committed 51200K, used 40093K [0x0000000081a00000, 0x0000000100000000)
  region size 1024K, 30 young (30720K), 4 survivors (4096K)
 Metaspace       used 26719K, committed 27008K, reserved 1114112K
  class space    used 2657K, committed 2816K, reserved 1048576K
}
Event: 10.240 GC heap after
{Heap after GC invocations=5 (full 0):
 garbage-first heap   total reserved 2070528K, committed 51200K, used 15899K [0x0000000081a00000, 0x0000000100000000)
  region size 1024K, 4 young (4096K), 4 survivors (4096K)
 Metaspace       used 26719K, committed 27008K, reserved 1114112K
  class space    used 2657K, committed 2816K, reserved 1048576K
}
Event: 11.223 GC heap before
{Heap before GC invocations=5 (full 0):
 garbage-first heap   total reserved 2070528K, committed 51200K, used 36379K [0x0000000081a00000, 0x0000000100000000)
  region size 1024K, 24 young (24576K), 4 survivors (4096K)
 Metaspace       used 29819K, committed 30144K, reserved 1114112K
  class space    used 3008K, committed 3136K, reserved 1048576K
}
Event: 11.235 GC heap after
{Heap after GC invocations=6 (full 0):
 garbage-first heap   total reserved 2070528K, committed 51200K, used 17343K [0x0000000081a00000, 0x0000000100000000)
  region size 1024K, 3 young (3072K), 3 survivors (3072K)
 Metaspace       used 29819K, committed 30144K, reserved 1114112K
  class space    used 3008K, committed 3136K, reserved 1048576K
}
Event: 12.579 GC heap before
{Heap before GC invocations=6 (full 0):
 garbage-first heap   total reserved 2070528K, committed 51200K, used 36799K [0x0000000081a00000, 0x0000000100000000)
  region size 1024K, 23 young (23552K), 3 survivors (3072K)
 Metaspace       used 34581K, committed 34944K, reserved 1114112K
  class space    used 3458K, committed 3584K, reserved 1048576K
}
Event: 12.598 GC heap after
{Heap after GC invocations=7 (full 0):
 garbage-first heap   total reserved 2070528K, committed 51200K, used 19081K [0x0000000081a00000, 0x0000000100000000)
  region size 1024K, 2 young (2048K), 2 survivors (2048K)
 Metaspace       used 34581K, committed 34944K, reserved 1114112K
  class space    used 3458K, committed 3584K, reserved 1048576K
}
Event: 13.061 GC heap before
{Heap before GC invocations=7 (full 0):
 garbage-first heap   total reserved 2070528K, committed 51200K, used 25225K [0x0000000081a00000, 0x0000000100000000)
  region size 1024K, 9 young (9216K), 2 survivors (2048K)
 Metaspace       used 35686K, committed 36096K, reserved 1114112K
  class space    used 3631K, committed 3840K, reserved 1048576K
}
Event: 13.071 GC heap after
{Heap after GC invocations=8 (full 0):
 garbage-first heap   total reserved 2070528K, committed 51200K, used 19464K [0x0000000081a00000, 0x0000000100000000)
  region size 1024K, 1 young (1024K), 1 survivors (1024K)
 Metaspace       used 35686K, committed 36096K, reserved 1114112K
  class space    used 3631K, committed 3840K, reserved 1048576K
}
Event: 14.472 GC heap before
{Heap before GC invocations=9 (full 0):
 garbage-first heap   total reserved 2070528K, committed 51200K, used 39944K [0x0000000081a00000, 0x0000000100000000)
  region size 1024K, 22 young (22528K), 1 survivors (1024K)
 Metaspace       used 40728K, committed 41152K, reserved 1114112K
  class space    used 4152K, committed 4352K, reserved 1048576K
}
Event: 14.480 GC heap after
{Heap after GC invocations=10 (full 0):
 garbage-first heap   total reserved 2070528K, committed 51200K, used 20412K [0x0000000081a00000, 0x0000000100000000)
  region size 1024K, 2 young (2048K), 2 survivors (2048K)
 Metaspace       used 40728K, committed 41152K, reserved 1114112K
  class space    used 4152K, committed 4352K, reserved 1048576K
}
Event: 16.800 GC heap before
{Heap before GC invocations=10 (full 0):
 garbage-first heap   total reserved 2070528K, committed 51200K, used 40892K [0x0000000081a00000, 0x0000000100000000)
  region size 1024K, 23 young (23552K), 2 survivors (2048K)
 Metaspace       used 45714K, committed 46144K, reserved 1114112K
  class space    used 4676K, committed 4864K, reserved 1048576K
}
Event: 16.811 GC heap after
{Heap after GC invocations=11 (full 0):
 garbage-first heap   total reserved 2070528K, committed 51200K, used 21445K [0x0000000081a00000, 0x0000000100000000)
  region size 1024K, 3 young (3072K), 3 survivors (3072K)
 Metaspace       used 45714K, committed 46144K, reserved 1114112K
  class space    used 4676K, committed 4864K, reserved 1048576K
}

